<?xml version="1.0" encoding="UTF-8"?>
<!-- Generated by org.testng.reporters.JUnitXMLReporter -->
<testsuite hostname="INLEN8520068628" failures="2" tests="2" name="Validating ModifyurWhishlist page" time="16.719" errors="0" timestamp="11 Jun 2022 01:33:09 GMT">
  <testcase classname="academy.ValidatePinCode" name="MyWishlistpincode" time="8.806">
    <failure type="java.lang.AssertionError" message="expected [true] but found [false]">
      <![CDATA[java.lang.AssertionError: expected [true] but found [false]
	at academy.ValidatePinCode.MyWishlistpincode(ValidatePinCode.java:40)
... Removed 28 stack frames]]>
    </failure>
  </testcase> <!-- MyWishlistpincode -->
  <testcase classname="academy.ValidatePinCode" name="MyWishlistpincode" time="8.809">
    <failure type="java.lang.NullPointerException" message="Cannot invoke &amp;quot;org.openqa.selenium.TakesScreenshot.getScreenshotAs(org.openqa.selenium.OutputType)&amp;quot; because &amp;quot;this.driver&amp;quot; is null">
      <![CDATA[java.lang.NullPointerException: Cannot invoke "org.openqa.selenium.TakesScreenshot.getScreenshotAs(org.openqa.selenium.OutputType)" because "this.driver" is null
	at resources.base.getScreenshot(base.java:55)
	at academy.listners.onTestFailure(listners.java:30)
... Removed 21 stack frames]]>
    </failure>
  </testcase> <!-- MyWishlistpincode -->
</testsuite> <!-- Validating ModifyurWhishlist page -->
